<?xml version="1.0" encoding="UTF-8"?>
<testng-results ignored="0" total="2" passed="1" failed="1" skipped="0">
  <reporter-output>
  </reporter-output>
  <suite started-at="2021-09-04T08:48:16Z" name="Suite" finished-at="2021-09-04T08:48:36Z" duration-ms="19780">
    <groups>
    </groups>
    <test started-at="2021-09-04T08:48:16Z" name="Test" finished-at="2021-09-04T08:48:36Z" duration-ms="19780">
      <class name="qaautomation.august2021.AppTest">
        <test-method is-config="true" signature="createChromeDriver()[pri:0, instance:qaautomation.august2021.AppTest@359df09a]" started-at="2021-09-04T08:48:16Z" name="createChromeDriver" finished-at="2021-09-04T08:48:27Z" duration-ms="10710" status="PASS">
          <reporter-output>
          </reporter-output>
        </test-method> <!-- createChromeDriver -->
        <test-method is-config="true" signature="createChromeDriver()[pri:0, instance:qaautomation.august2021.AppTest@359df09a]" started-at="2021-09-04T08:48:16Z" name="createChromeDriver" finished-at="2021-09-04T08:48:27Z" duration-ms="10610" status="PASS">
          <reporter-output>
          </reporter-output>
        </test-method> <!-- createChromeDriver -->
        <test-method signature="test()[pri:0, instance:qaautomation.august2021.AppTest@359df09a]" started-at="2021-09-04T08:48:27Z" name="test" description="login will be failed" finished-at="2021-09-04T08:48:35Z" duration-ms="8051" status="FAIL">
          <exception class="java.lang.AssertionError">
            <message>
              <![CDATA[expected [fullstackdemo] but found [fullstackdemofailed]]]>
            </message>
            <full-stacktrace>
              <![CDATA[java.lang.AssertionError: expected [fullstackdemo] but found [fullstackdemofailed]
at org.testng.Assert.fail(Assert.java:96)
at org.testng.Assert.failNotEquals(Assert.java:776)
at org.testng.Assert.assertEqualsImpl(Assert.java:137)
at org.testng.Assert.assertEquals(Assert.java:118)
at org.testng.Assert.assertEquals(Assert.java:453)
at org.testng.Assert.assertEquals(Assert.java:463)
at qaautomation.august2021.AppTest.test(AppTest.java:29)
at java.base/jdk.internal.reflect.NativeMethodAccessorImpl.invoke0(Native Method)
at java.base/jdk.internal.reflect.NativeMethodAccessorImpl.invoke(NativeMethodAccessorImpl.java:62)
at java.base/jdk.internal.reflect.DelegatingMethodAccessorImpl.invoke(DelegatingMethodAccessorImpl.java:43)
at java.base/java.lang.reflect.Method.invoke(Method.java:564)
at org.testng.internal.MethodInvocationHelper.invokeMethod(MethodInvocationHelper.java:124)
at org.testng.internal.Invoker.invokeMethod(Invoker.java:583)
at org.testng.internal.Invoker.invokeTestMethod(Invoker.java:719)
at org.testng.internal.Invoker.invokeTestMethods(Invoker.java:989)
at org.testng.internal.TestMethodWorker.invokeTestMethods(TestMethodWorker.java:125)
at org.testng.internal.TestMethodWorker.run(TestMethodWorker.java:109)
at java.base/java.util.concurrent.ThreadPoolExecutor.runWorker(ThreadPoolExecutor.java:1130)
at java.base/java.util.concurrent.ThreadPoolExecutor$Worker.run(ThreadPoolExecutor.java:630)
at java.base/java.lang.Thread.run(Thread.java:832)
]]>
            </full-stacktrace>
          </exception> <!-- java.lang.AssertionError -->
          <reporter-output>
          </reporter-output>
        </test-method> <!-- test -->
        <test-method signature="test1()[pri:0, instance:qaautomation.august2021.AppTest@359df09a]" started-at="2021-09-04T08:48:27Z" name="test1" description="login will be working fime" finished-at="2021-09-04T08:48:35Z" duration-ms="8360" status="PASS">
          <reporter-output>
          </reporter-output>
        </test-method> <!-- test1 -->
        <test-method is-config="true" signature="quitChromeDriver()[pri:0, instance:qaautomation.august2021.AppTest@359df09a]" started-at="2021-09-04T08:48:35Z" name="quitChromeDriver" finished-at="2021-09-04T08:48:35Z" duration-ms="683" status="PASS">
          <reporter-output>
          </reporter-output>
        </test-method> <!-- quitChromeDriver -->
        <test-method is-config="true" signature="quitChromeDriver()[pri:0, instance:qaautomation.august2021.AppTest@359df09a]" started-at="2021-09-04T08:48:35Z" name="quitChromeDriver" finished-at="2021-09-04T08:48:36Z" duration-ms="666" status="PASS">
          <reporter-output>
          </reporter-output>
        </test-method> <!-- quitChromeDriver -->
      </class> <!-- qaautomation.august2021.AppTest -->
    </test> <!-- Test -->
  </suite> <!-- Suite -->
</testng-results>
